running egg_info
creating ../../build/tortoisebot_gazebo/tortoisebot_gazebo.egg-info
writing ../../build/tortoisebot_gazebo/tortoisebot_gazebo.egg-info/PKG-INFO
writing dependency_links to ../../build/tortoisebot_gazebo/tortoisebot_gazebo.egg-info/dependency_links.txt
writing requirements to ../../build/tortoisebot_gazebo/tortoisebot_gazebo.egg-info/requires.txt
writing top-level names to ../../build/tortoisebot_gazebo/tortoisebot_gazebo.egg-info/top_level.txt
writing manifest file '../../build/tortoisebot_gazebo/tortoisebot_gazebo.egg-info/SOURCES.txt'
reading manifest file '../../build/tortoisebot_gazebo/tortoisebot_gazebo.egg-info/SOURCES.txt'
writing manifest file '../../build/tortoisebot_gazebo/tortoisebot_gazebo.egg-info/SOURCES.txt'
running build
running build_py
creating /home/arz-1017/task_ws/build/tortoisebot_gazebo/build
creating /home/arz-1017/task_ws/build/tortoisebot_gazebo/build/lib
creating /home/arz-1017/task_ws/build/tortoisebot_gazebo/build/lib/tortoisebot_gazebo
copying tortoisebot_gazebo/__init__.py -> /home/arz-1017/task_ws/build/tortoisebot_gazebo/build/lib/tortoisebot_gazebo
running install
running install_lib
creating /home/arz-1017/task_ws/install/tortoisebot_gazebo/lib/python3.12/site-packages/tortoisebot_gazebo
copying /home/arz-1017/task_ws/build/tortoisebot_gazebo/build/lib/tortoisebot_gazebo/__init__.py -> /home/arz-1017/task_ws/install/tortoisebot_gazebo/lib/python3.12/site-packages/tortoisebot_gazebo
byte-compiling /home/arz-1017/task_ws/install/tortoisebot_gazebo/lib/python3.12/site-packages/tortoisebot_gazebo/__init__.py to __init__.cpython-312.pyc
running install_data
creating /home/arz-1017/task_ws/install/tortoisebot_gazebo/share/ament_index
creating /home/arz-1017/task_ws/install/tortoisebot_gazebo/share/ament_index/resource_index
creating /home/arz-1017/task_ws/install/tortoisebot_gazebo/share/ament_index/resource_index/packages
copying resource/tortoisebot_gazebo -> /home/arz-1017/task_ws/install/tortoisebot_gazebo/share/ament_index/resource_index/packages
copying package.xml -> /home/arz-1017/task_ws/install/tortoisebot_gazebo/share/tortoisebot_gazebo
creating /home/arz-1017/task_ws/install/tortoisebot_gazebo/share/tortoisebot_gazebo/launch
copying launch/gazebo.launch.py -> /home/arz-1017/task_ws/install/tortoisebot_gazebo/share/tortoisebot_gazebo/launch
creating /home/arz-1017/task_ws/install/tortoisebot_gazebo/share/tortoisebot_gazebo/worlds
creating /home/arz-1017/task_ws/install/tortoisebot_gazebo/share/tortoisebot_gazebo/urdf
running install_egg_info
Copying ../../build/tortoisebot_gazebo/tortoisebot_gazebo.egg-info to /home/arz-1017/task_ws/install/tortoisebot_gazebo/lib/python3.12/site-packages/tortoisebot_gazebo-0.0.0-py3.12.egg-info
running install_scripts
writing list of installed files to '/home/arz-1017/task_ws/build/tortoisebot_gazebo/install.log'
