[0.912s] Invoking command in '/home/arz-1017/task_ws/src/tortoisebot_gazebo': DEBUGINFOD_URLS=https://debuginfod.ubuntu.com PYTHONPATH=/home/arz-1017/task_ws/build/tortoisebot_gazebo/prefix_override:/usr/lib/python3/dist-packages/colcon_core/task/python/colcon_distutils_commands:/home/arz-1017/task_ws/install/tortoisebot_gazebo/lib/python3.12/site-packages:${PYTHONPATH} /usr/bin/python3 -W ignore:setup.py install is deprecated -W ignore:easy_install command is deprecated setup.py egg_info --egg-base ../../build/tortoisebot_gazebo build --build-base /home/arz-1017/task_ws/build/tortoisebot_gazebo/build install --record /home/arz-1017/task_ws/build/tortoisebot_gazebo/install.log --single-version-externally-managed install_data
[1.226s] running egg_info
[1.226s] creating ../../build/tortoisebot_gazebo/tortoisebot_gazebo.egg-info
[1.248s] writing ../../build/tortoisebot_gazebo/tortoisebot_gazebo.egg-info/PKG-INFO
[1.248s] writing dependency_links to ../../build/tortoisebot_gazebo/tortoisebot_gazebo.egg-info/dependency_links.txt
[1.249s] writing requirements to ../../build/tortoisebot_gazebo/tortoisebot_gazebo.egg-info/requires.txt
[1.249s] writing top-level names to ../../build/tortoisebot_gazebo/tortoisebot_gazebo.egg-info/top_level.txt
[1.249s] writing manifest file '../../build/tortoisebot_gazebo/tortoisebot_gazebo.egg-info/SOURCES.txt'
[1.291s] reading manifest file '../../build/tortoisebot_gazebo/tortoisebot_gazebo.egg-info/SOURCES.txt'
[1.292s] writing manifest file '../../build/tortoisebot_gazebo/tortoisebot_gazebo.egg-info/SOURCES.txt'
[1.292s] running build
[1.292s] running build_py
[1.292s] creating /home/arz-1017/task_ws/build/tortoisebot_gazebo/build
[1.293s] creating /home/arz-1017/task_ws/build/tortoisebot_gazebo/build/lib
[1.293s] creating /home/arz-1017/task_ws/build/tortoisebot_gazebo/build/lib/tortoisebot_gazebo
[1.293s] copying tortoisebot_gazebo/__init__.py -> /home/arz-1017/task_ws/build/tortoisebot_gazebo/build/lib/tortoisebot_gazebo
[1.293s] running install
[1.299s] running install_lib
[1.322s] creating /home/arz-1017/task_ws/install/tortoisebot_gazebo/lib/python3.12/site-packages/tortoisebot_gazebo
[1.322s] copying /home/arz-1017/task_ws/build/tortoisebot_gazebo/build/lib/tortoisebot_gazebo/__init__.py -> /home/arz-1017/task_ws/install/tortoisebot_gazebo/lib/python3.12/site-packages/tortoisebot_gazebo
[1.323s] byte-compiling /home/arz-1017/task_ws/install/tortoisebot_gazebo/lib/python3.12/site-packages/tortoisebot_gazebo/__init__.py to __init__.cpython-312.pyc
[1.323s] running install_data
[1.323s] creating /home/arz-1017/task_ws/install/tortoisebot_gazebo/share/ament_index
[1.323s] creating /home/arz-1017/task_ws/install/tortoisebot_gazebo/share/ament_index/resource_index
[1.323s] creating /home/arz-1017/task_ws/install/tortoisebot_gazebo/share/ament_index/resource_index/packages
[1.324s] copying resource/tortoisebot_gazebo -> /home/arz-1017/task_ws/install/tortoisebot_gazebo/share/ament_index/resource_index/packages
[1.324s] copying package.xml -> /home/arz-1017/task_ws/install/tortoisebot_gazebo/share/tortoisebot_gazebo
[1.324s] creating /home/arz-1017/task_ws/install/tortoisebot_gazebo/share/tortoisebot_gazebo/launch
[1.324s] copying launch/gazebo.launch.py -> /home/arz-1017/task_ws/install/tortoisebot_gazebo/share/tortoisebot_gazebo/launch
[1.324s] creating /home/arz-1017/task_ws/install/tortoisebot_gazebo/share/tortoisebot_gazebo/worlds
[1.324s] creating /home/arz-1017/task_ws/install/tortoisebot_gazebo/share/tortoisebot_gazebo/urdf
[1.324s] running install_egg_info
[1.347s] Copying ../../build/tortoisebot_gazebo/tortoisebot_gazebo.egg-info to /home/arz-1017/task_ws/install/tortoisebot_gazebo/lib/python3.12/site-packages/tortoisebot_gazebo-0.0.0-py3.12.egg-info
[1.348s] running install_scripts
[1.495s] writing list of installed files to '/home/arz-1017/task_ws/build/tortoisebot_gazebo/install.log'
[1.521s] Invoked command in '/home/arz-1017/task_ws/src/tortoisebot_gazebo' returned '0': DEBUGINFOD_URLS=https://debuginfod.ubuntu.com PYTHONPATH=/home/arz-1017/task_ws/build/tortoisebot_gazebo/prefix_override:/usr/lib/python3/dist-packages/colcon_core/task/python/colcon_distutils_commands:/home/arz-1017/task_ws/install/tortoisebot_gazebo/lib/python3.12/site-packages:${PYTHONPATH} /usr/bin/python3 -W ignore:setup.py install is deprecated -W ignore:easy_install command is deprecated setup.py egg_info --egg-base ../../build/tortoisebot_gazebo build --build-base /home/arz-1017/task_ws/build/tortoisebot_gazebo/build install --record /home/arz-1017/task_ws/build/tortoisebot_gazebo/install.log --single-version-externally-managed install_data
