[0.652s] Invoking command in '/home/arz-1017/task_ws/src/tortoise_description': DEBUGINFOD_URLS=https://debuginfod.ubuntu.com PYTHONPATH=/home/arz-1017/task_ws/build/tortoise_description/prefix_override:/usr/lib/python3/dist-packages/colcon_core/task/python/colcon_distutils_commands:/home/arz-1017/task_ws/install/tortoise_description/lib/python3.12/site-packages:${PYTHONPATH} /usr/bin/python3 -W ignore:setup.py install is deprecated -W ignore:easy_install command is deprecated setup.py egg_info --egg-base ../../build/tortoise_description build --build-base /home/arz-1017/task_ws/build/tortoise_description/build install --record /home/arz-1017/task_ws/build/tortoise_description/install.log --single-version-externally-managed install_data
[0.821s] running egg_info
[0.834s] writing ../../build/tortoise_description/tortoise_description.egg-info/PKG-INFO
[0.835s] writing dependency_links to ../../build/tortoise_description/tortoise_description.egg-info/dependency_links.txt
[0.835s] writing requirements to ../../build/tortoise_description/tortoise_description.egg-info/requires.txt
[0.835s] writing top-level names to ../../build/tortoise_description/tortoise_description.egg-info/top_level.txt
[0.860s] reading manifest file '../../build/tortoise_description/tortoise_description.egg-info/SOURCES.txt'
[0.860s] writing manifest file '../../build/tortoise_description/tortoise_description.egg-info/SOURCES.txt'
[0.860s] running build
[0.860s] running build_py
[0.860s] running install
[0.865s] running install_lib
[0.878s] running install_data
[0.878s] copying launch/display.launch.py -> /home/arz-1017/task_ws/install/tortoise_description/share/tortoise_description/launch
[0.878s] running install_egg_info
[0.891s] removing '/home/arz-1017/task_ws/install/tortoise_description/lib/python3.12/site-packages/tortoise_description-0.0.0-py3.12.egg-info' (and everything under it)
[0.891s] Copying ../../build/tortoise_description/tortoise_description.egg-info to /home/arz-1017/task_ws/install/tortoise_description/lib/python3.12/site-packages/tortoise_description-0.0.0-py3.12.egg-info
[0.892s] running install_scripts
[0.977s] writing list of installed files to '/home/arz-1017/task_ws/build/tortoise_description/install.log'
[0.995s] Invoked command in '/home/arz-1017/task_ws/src/tortoise_description' returned '0': DEBUGINFOD_URLS=https://debuginfod.ubuntu.com PYTHONPATH=/home/arz-1017/task_ws/build/tortoise_description/prefix_override:/usr/lib/python3/dist-packages/colcon_core/task/python/colcon_distutils_commands:/home/arz-1017/task_ws/install/tortoise_description/lib/python3.12/site-packages:${PYTHONPATH} /usr/bin/python3 -W ignore:setup.py install is deprecated -W ignore:easy_install command is deprecated setup.py egg_info --egg-base ../../build/tortoise_description build --build-base /home/arz-1017/task_ws/build/tortoise_description/build install --record /home/arz-1017/task_ws/build/tortoise_description/install.log --single-version-externally-managed install_data
