[1.617s] Invoking command in '/home/arz-1017/task/task_ws/src/tortoisebot_gazebo': DEBUGINFOD_URLS=https://debuginfod.ubuntu.com PYTHONPATH=/home/arz-1017/task/task_ws/build/tortoisebot_gazebo/prefix_override:/usr/lib/python3/dist-packages/colcon_core/task/python/colcon_distutils_commands:/home/arz-1017/task/task_ws/install/tortoisebot_gazebo/lib/python3.12/site-packages:${PYTHONPATH} /usr/bin/python3 -W ignore:setup.py install is deprecated -W ignore:easy_install command is deprecated setup.py egg_info --egg-base ../../build/tortoisebot_gazebo build --build-base /home/arz-1017/task/task_ws/build/tortoisebot_gazebo/build install --record /home/arz-1017/task/task_ws/build/tortoisebot_gazebo/install.log --single-version-externally-managed install_data
[2.045s] running egg_info
[2.075s] writing ../../build/tortoisebot_gazebo/tortoisebot_gazebo.egg-info/PKG-INFO
[2.075s] writing dependency_links to ../../build/tortoisebot_gazebo/tortoisebot_gazebo.egg-info/dependency_links.txt
[2.075s] writing entry points to ../../build/tortoisebot_gazebo/tortoisebot_gazebo.egg-info/entry_points.txt
[2.075s] writing requirements to ../../build/tortoisebot_gazebo/tortoisebot_gazebo.egg-info/requires.txt
[2.075s] writing top-level names to ../../build/tortoisebot_gazebo/tortoisebot_gazebo.egg-info/top_level.txt
[2.139s] reading manifest file '../../build/tortoisebot_gazebo/tortoisebot_gazebo.egg-info/SOURCES.txt'
[2.140s] writing manifest file '../../build/tortoisebot_gazebo/tortoisebot_gazebo.egg-info/SOURCES.txt'
[2.140s] running build
[2.140s] running build_py
[2.141s] running install
[2.151s] running install_lib
[2.187s] running install_data
[2.188s] running install_egg_info
[2.231s] removing '/home/arz-1017/task/task_ws/install/tortoisebot_gazebo/lib/python3.12/site-packages/tortoisebot_gazebo-0.0.0-py3.12.egg-info' (and everything under it)
[2.232s] Copying ../../build/tortoisebot_gazebo/tortoisebot_gazebo.egg-info to /home/arz-1017/task/task_ws/install/tortoisebot_gazebo/lib/python3.12/site-packages/tortoisebot_gazebo-0.0.0-py3.12.egg-info
[2.234s] running install_scripts
[2.438s] Installing find_median script to /home/arz-1017/task/task_ws/install/tortoisebot_gazebo/lib/tortoisebot_gazebo
[2.438s] Installing laser_data script to /home/arz-1017/task/task_ws/install/tortoisebot_gazebo/lib/tortoisebot_gazebo
[2.439s] Installing print_data script to /home/arz-1017/task/task_ws/install/tortoisebot_gazebo/lib/tortoisebot_gazebo
[2.439s] writing list of installed files to '/home/arz-1017/task/task_ws/build/tortoisebot_gazebo/install.log'
[2.479s] Invoked command in '/home/arz-1017/task/task_ws/src/tortoisebot_gazebo' returned '0': DEBUGINFOD_URLS=https://debuginfod.ubuntu.com PYTHONPATH=/home/arz-1017/task/task_ws/build/tortoisebot_gazebo/prefix_override:/usr/lib/python3/dist-packages/colcon_core/task/python/colcon_distutils_commands:/home/arz-1017/task/task_ws/install/tortoisebot_gazebo/lib/python3.12/site-packages:${PYTHONPATH} /usr/bin/python3 -W ignore:setup.py install is deprecated -W ignore:easy_install command is deprecated setup.py egg_info --egg-base ../../build/tortoisebot_gazebo build --build-base /home/arz-1017/task/task_ws/build/tortoisebot_gazebo/build install --record /home/arz-1017/task/task_ws/build/tortoisebot_gazebo/install.log --single-version-externally-managed install_data
