[0.653s] Invoking command in '/home/arz-1017/task/task_ws/src/tortoisebot_gazebo': DEBUGINFOD_URLS=https://debuginfod.ubuntu.com PYTHONPATH=/home/arz-1017/task/task_ws/build/tortoisebot_gazebo/prefix_override:/usr/lib/python3/dist-packages/colcon_core/task/python/colcon_distutils_commands:/home/arz-1017/task/task_ws/install/tortoisebot_gazebo/lib/python3.12/site-packages:${PYTHONPATH} /usr/bin/python3 -W ignore:setup.py install is deprecated -W ignore:easy_install command is deprecated setup.py egg_info --egg-base ../../build/tortoisebot_gazebo build --build-base /home/arz-1017/task/task_ws/build/tortoisebot_gazebo/build install --record /home/arz-1017/task/task_ws/build/tortoisebot_gazebo/install.log --single-version-externally-managed install_data
[0.825s] running egg_info
[0.838s] writing ../../build/tortoisebot_gazebo/tortoisebot_gazebo.egg-info/PKG-INFO
[0.838s] writing dependency_links to ../../build/tortoisebot_gazebo/tortoisebot_gazebo.egg-info/dependency_links.txt
[0.838s] writing entry points to ../../build/tortoisebot_gazebo/tortoisebot_gazebo.egg-info/entry_points.txt
[0.838s] writing requirements to ../../build/tortoisebot_gazebo/tortoisebot_gazebo.egg-info/requires.txt
[0.838s] writing top-level names to ../../build/tortoisebot_gazebo/tortoisebot_gazebo.egg-info/top_level.txt
[0.864s] reading manifest file '../../build/tortoisebot_gazebo/tortoisebot_gazebo.egg-info/SOURCES.txt'
[0.865s] writing manifest file '../../build/tortoisebot_gazebo/tortoisebot_gazebo.egg-info/SOURCES.txt'
[0.865s] running build
[0.865s] running build_py
[0.865s] copying tortoisebot_gazebo/laserdata.py -> /home/arz-1017/task/task_ws/build/tortoisebot_gazebo/build/lib/tortoisebot_gazebo
[0.865s] running install
[0.869s] running install_lib
[0.882s] copying /home/arz-1017/task/task_ws/build/tortoisebot_gazebo/build/lib/tortoisebot_gazebo/laserdata.py -> /home/arz-1017/task/task_ws/install/tortoisebot_gazebo/lib/python3.12/site-packages/tortoisebot_gazebo
[0.883s] byte-compiling /home/arz-1017/task/task_ws/install/tortoisebot_gazebo/lib/python3.12/site-packages/tortoisebot_gazebo/laserdata.py to laserdata.cpython-312.pyc
[0.883s] running install_data
[0.883s] running install_egg_info
[0.897s] removing '/home/arz-1017/task/task_ws/install/tortoisebot_gazebo/lib/python3.12/site-packages/tortoisebot_gazebo-0.0.0-py3.12.egg-info' (and everything under it)
[0.897s] Copying ../../build/tortoisebot_gazebo/tortoisebot_gazebo.egg-info to /home/arz-1017/task/task_ws/install/tortoisebot_gazebo/lib/python3.12/site-packages/tortoisebot_gazebo-0.0.0-py3.12.egg-info
[0.898s] running install_scripts
[0.984s] Installing laser_data script to /home/arz-1017/task/task_ws/install/tortoisebot_gazebo/lib/tortoisebot_gazebo
[0.984s] writing list of installed files to '/home/arz-1017/task/task_ws/build/tortoisebot_gazebo/install.log'
[1.008s] Invoked command in '/home/arz-1017/task/task_ws/src/tortoisebot_gazebo' returned '0': DEBUGINFOD_URLS=https://debuginfod.ubuntu.com PYTHONPATH=/home/arz-1017/task/task_ws/build/tortoisebot_gazebo/prefix_override:/usr/lib/python3/dist-packages/colcon_core/task/python/colcon_distutils_commands:/home/arz-1017/task/task_ws/install/tortoisebot_gazebo/lib/python3.12/site-packages:${PYTHONPATH} /usr/bin/python3 -W ignore:setup.py install is deprecated -W ignore:easy_install command is deprecated setup.py egg_info --egg-base ../../build/tortoisebot_gazebo build --build-base /home/arz-1017/task/task_ws/build/tortoisebot_gazebo/build install --record /home/arz-1017/task/task_ws/build/tortoisebot_gazebo/install.log --single-version-externally-managed install_data
