[1.171s] Invoking command in '/home/arz-1017/task_ws/src/tortoise_description': DEBUGINFOD_URLS=https://debuginfod.ubuntu.com PYTHONPATH=/home/arz-1017/task_ws/build/tortoise_description/prefix_override:/usr/lib/python3/dist-packages/colcon_core/task/python/colcon_distutils_commands:/home/arz-1017/task_ws/install/tortoise_description/lib/python3.12/site-packages:${PYTHONPATH} /usr/bin/python3 -W ignore:setup.py install is deprecated -W ignore:easy_install command is deprecated setup.py egg_info --egg-base ../../build/tortoise_description build --build-base /home/arz-1017/task_ws/build/tortoise_description/build install --record /home/arz-1017/task_ws/build/tortoise_description/install.log --single-version-externally-managed install_data
[1.468s] running egg_info
[1.468s] creating ../../build/tortoise_description/tortoise_description.egg-info
[1.489s] writing ../../build/tortoise_description/tortoise_description.egg-info/PKG-INFO
[1.489s] writing dependency_links to ../../build/tortoise_description/tortoise_description.egg-info/dependency_links.txt
[1.489s] writing requirements to ../../build/tortoise_description/tortoise_description.egg-info/requires.txt
[1.489s] writing top-level names to ../../build/tortoise_description/tortoise_description.egg-info/top_level.txt
[1.489s] writing manifest file '../../build/tortoise_description/tortoise_description.egg-info/SOURCES.txt'
[1.533s] reading manifest file '../../build/tortoise_description/tortoise_description.egg-info/SOURCES.txt'
[1.534s] writing manifest file '../../build/tortoise_description/tortoise_description.egg-info/SOURCES.txt'
[1.534s] running build
[1.534s] running build_py
[1.534s] creating /home/arz-1017/task_ws/build/tortoise_description/build
[1.534s] creating /home/arz-1017/task_ws/build/tortoise_description/build/lib
[1.534s] creating /home/arz-1017/task_ws/build/tortoise_description/build/lib/tortoise_description
[1.534s] copying tortoise_description/__init__.py -> /home/arz-1017/task_ws/build/tortoise_description/build/lib/tortoise_description
[1.534s] running install
[1.542s] running install_lib
[1.564s] creating /home/arz-1017/task_ws/install/tortoise_description/lib/python3.12/site-packages/tortoise_description
[1.564s] copying /home/arz-1017/task_ws/build/tortoise_description/build/lib/tortoise_description/__init__.py -> /home/arz-1017/task_ws/install/tortoise_description/lib/python3.12/site-packages/tortoise_description
[1.564s] byte-compiling /home/arz-1017/task_ws/install/tortoise_description/lib/python3.12/site-packages/tortoise_description/__init__.py to __init__.cpython-312.pyc
[1.564s] running install_data
[1.565s] creating /home/arz-1017/task_ws/install/tortoise_description/share/ament_index
[1.565s] creating /home/arz-1017/task_ws/install/tortoise_description/share/ament_index/resource_index
[1.565s] creating /home/arz-1017/task_ws/install/tortoise_description/share/ament_index/resource_index/packages
[1.565s] copying resource/tortoise_description -> /home/arz-1017/task_ws/install/tortoise_description/share/ament_index/resource_index/packages
[1.565s] copying package.xml -> /home/arz-1017/task_ws/install/tortoise_description/share/tortoise_description
[1.565s] creating /home/arz-1017/task_ws/install/tortoise_description/share/tortoise_description/launch
[1.565s] copying launch/display.launch.py -> /home/arz-1017/task_ws/install/tortoise_description/share/tortoise_description/launch
[1.565s] running install_egg_info
[1.588s] Copying ../../build/tortoise_description/tortoise_description.egg-info to /home/arz-1017/task_ws/install/tortoise_description/lib/python3.12/site-packages/tortoise_description-0.0.0-py3.12.egg-info
[1.589s] running install_scripts
[1.739s] writing list of installed files to '/home/arz-1017/task_ws/build/tortoise_description/install.log'
[1.769s] Invoked command in '/home/arz-1017/task_ws/src/tortoise_description' returned '0': DEBUGINFOD_URLS=https://debuginfod.ubuntu.com PYTHONPATH=/home/arz-1017/task_ws/build/tortoise_description/prefix_override:/usr/lib/python3/dist-packages/colcon_core/task/python/colcon_distutils_commands:/home/arz-1017/task_ws/install/tortoise_description/lib/python3.12/site-packages:${PYTHONPATH} /usr/bin/python3 -W ignore:setup.py install is deprecated -W ignore:easy_install command is deprecated setup.py egg_info --egg-base ../../build/tortoise_description build --build-base /home/arz-1017/task_ws/build/tortoise_description/build install --record /home/arz-1017/task_ws/build/tortoise_description/install.log --single-version-externally-managed install_data
