[1.182s] Invoking command in '/home/arz-1017/task_ws/src/tortoise_description': DEBUGINFOD_URLS=https://debuginfod.ubuntu.com PYTHONPATH=/home/arz-1017/task_ws/build/tortoise_description/prefix_override:/usr/lib/python3/dist-packages/colcon_core/task/python/colcon_distutils_commands:/home/arz-1017/task_ws/install/tortoise_description/lib/python3.12/site-packages:${PYTHONPATH} /usr/bin/python3 -W ignore:setup.py install is deprecated -W ignore:easy_install command is deprecated setup.py egg_info --egg-base ../../build/tortoise_description build --build-base /home/arz-1017/task_ws/build/tortoise_description/build install --record /home/arz-1017/task_ws/build/tortoise_description/install.log --single-version-externally-managed install_data
[1.490s] running egg_info
[1.514s] writing ../../build/tortoise_description/tortoise_description.egg-info/PKG-INFO
[1.514s] writing dependency_links to ../../build/tortoise_description/tortoise_description.egg-info/dependency_links.txt
[1.514s] writing requirements to ../../build/tortoise_description/tortoise_description.egg-info/requires.txt
[1.514s] writing top-level names to ../../build/tortoise_description/tortoise_description.egg-info/top_level.txt
[1.558s] reading manifest file '../../build/tortoise_description/tortoise_description.egg-info/SOURCES.txt'
[1.558s] writing manifest file '../../build/tortoise_description/tortoise_description.egg-info/SOURCES.txt'
[1.558s] running build
[1.558s] running build_py
[1.559s] running install
[1.565s] running install_lib
[1.587s] running install_data
[1.588s] creating /home/arz-1017/task_ws/install/tortoise_description/share/tortoisebot_gazebo
[1.588s] creating /home/arz-1017/task_ws/install/tortoise_description/share/tortoisebot_gazebo/urdf
[1.588s] running install_egg_info
[1.613s] removing '/home/arz-1017/task_ws/install/tortoise_description/lib/python3.12/site-packages/tortoise_description-0.0.0-py3.12.egg-info' (and everything under it)
[1.613s] Copying ../../build/tortoise_description/tortoise_description.egg-info to /home/arz-1017/task_ws/install/tortoise_description/lib/python3.12/site-packages/tortoise_description-0.0.0-py3.12.egg-info
[1.614s] running install_scripts
[1.758s] writing list of installed files to '/home/arz-1017/task_ws/build/tortoise_description/install.log'
[1.785s] Invoked command in '/home/arz-1017/task_ws/src/tortoise_description' returned '0': DEBUGINFOD_URLS=https://debuginfod.ubuntu.com PYTHONPATH=/home/arz-1017/task_ws/build/tortoise_description/prefix_override:/usr/lib/python3/dist-packages/colcon_core/task/python/colcon_distutils_commands:/home/arz-1017/task_ws/install/tortoise_description/lib/python3.12/site-packages:${PYTHONPATH} /usr/bin/python3 -W ignore:setup.py install is deprecated -W ignore:easy_install command is deprecated setup.py egg_info --egg-base ../../build/tortoise_description build --build-base /home/arz-1017/task_ws/build/tortoise_description/build install --record /home/arz-1017/task_ws/build/tortoise_description/install.log --single-version-externally-managed install_data
