[0.757s] Invoking command in '/home/arz-1017/task/task_ws/src/tortoisebot_gazebo': DEBUGINFOD_URLS=https://debuginfod.ubuntu.com PYTHONPATH=/home/arz-1017/task/task_ws/build/tortoisebot_gazebo/prefix_override:/usr/lib/python3/dist-packages/colcon_core/task/python/colcon_distutils_commands:/home/arz-1017/task/task_ws/install/tortoisebot_gazebo/lib/python3.12/site-packages:${PYTHONPATH} /usr/bin/python3 -W ignore:setup.py install is deprecated -W ignore:easy_install command is deprecated setup.py egg_info --egg-base ../../build/tortoisebot_gazebo build --build-base /home/arz-1017/task/task_ws/build/tortoisebot_gazebo/build install --record /home/arz-1017/task/task_ws/build/tortoisebot_gazebo/install.log --single-version-externally-managed install_data
[0.962s] running egg_info
[0.977s] writing ../../build/tortoisebot_gazebo/tortoisebot_gazebo.egg-info/PKG-INFO
[0.977s] writing dependency_links to ../../build/tortoisebot_gazebo/tortoisebot_gazebo.egg-info/dependency_links.txt
[0.978s] writing entry points to ../../build/tortoisebot_gazebo/tortoisebot_gazebo.egg-info/entry_points.txt
[0.978s] writing requirements to ../../build/tortoisebot_gazebo/tortoisebot_gazebo.egg-info/requires.txt
[0.978s] writing top-level names to ../../build/tortoisebot_gazebo/tortoisebot_gazebo.egg-info/top_level.txt
[1.012s] reading manifest file '../../build/tortoisebot_gazebo/tortoisebot_gazebo.egg-info/SOURCES.txt'
[1.013s] writing manifest file '../../build/tortoisebot_gazebo/tortoisebot_gazebo.egg-info/SOURCES.txt'
[1.013s] running build
[1.013s] running build_py
[1.013s] copying tortoisebot_gazebo/finddirection.py -> /home/arz-1017/task/task_ws/build/tortoisebot_gazebo/build/lib/tortoisebot_gazebo
[1.014s] running install
[1.018s] running install_lib
[1.034s] copying /home/arz-1017/task/task_ws/build/tortoisebot_gazebo/build/lib/tortoisebot_gazebo/finddirection.py -> /home/arz-1017/task/task_ws/install/tortoisebot_gazebo/lib/python3.12/site-packages/tortoisebot_gazebo
[1.035s] byte-compiling /home/arz-1017/task/task_ws/install/tortoisebot_gazebo/lib/python3.12/site-packages/tortoisebot_gazebo/finddirection.py to finddirection.cpython-312.pyc
[1.036s] running install_data
[1.036s] running install_egg_info
[1.052s] removing '/home/arz-1017/task/task_ws/install/tortoisebot_gazebo/lib/python3.12/site-packages/tortoisebot_gazebo-0.0.0-py3.12.egg-info' (and everything under it)
[1.052s] Copying ../../build/tortoisebot_gazebo/tortoisebot_gazebo.egg-info to /home/arz-1017/task/task_ws/install/tortoisebot_gazebo/lib/python3.12/site-packages/tortoisebot_gazebo-0.0.0-py3.12.egg-info
[1.053s] running install_scripts
[1.157s] Installing find_direction script to /home/arz-1017/task/task_ws/install/tortoisebot_gazebo/lib/tortoisebot_gazebo
[1.158s] Installing find_median script to /home/arz-1017/task/task_ws/install/tortoisebot_gazebo/lib/tortoisebot_gazebo
[1.158s] Installing laser_data script to /home/arz-1017/task/task_ws/install/tortoisebot_gazebo/lib/tortoisebot_gazebo
[1.158s] Installing moving_avg script to /home/arz-1017/task/task_ws/install/tortoisebot_gazebo/lib/tortoisebot_gazebo
[1.158s] Installing print_data script to /home/arz-1017/task/task_ws/install/tortoisebot_gazebo/lib/tortoisebot_gazebo
[1.158s] writing list of installed files to '/home/arz-1017/task/task_ws/build/tortoisebot_gazebo/install.log'
[1.179s] Invoked command in '/home/arz-1017/task/task_ws/src/tortoisebot_gazebo' returned '0': DEBUGINFOD_URLS=https://debuginfod.ubuntu.com PYTHONPATH=/home/arz-1017/task/task_ws/build/tortoisebot_gazebo/prefix_override:/usr/lib/python3/dist-packages/colcon_core/task/python/colcon_distutils_commands:/home/arz-1017/task/task_ws/install/tortoisebot_gazebo/lib/python3.12/site-packages:${PYTHONPATH} /usr/bin/python3 -W ignore:setup.py install is deprecated -W ignore:easy_install command is deprecated setup.py egg_info --egg-base ../../build/tortoisebot_gazebo build --build-base /home/arz-1017/task/task_ws/build/tortoisebot_gazebo/build install --record /home/arz-1017/task/task_ws/build/tortoisebot_gazebo/install.log --single-version-externally-managed install_data
